Using pre-set license
Desktop is 5560 x 1920 @ 60 Hz

 COMMAND LINE ARGUMENTS:
Unity
-adb2
-batchMode
-noUpm
-name
AssetImportWorker1
-projectPath
/home/oskar/Documents/GitHub/Everything_is_broken_downGameJam/Unfinished game 3
-logFile
Logs/AssetImportWorker1.log
-srvPort
40965
Successfully changed project path to: /home/oskar/Documents/GitHub/Everything_is_broken_downGameJam/Unfinished game 3
/home/oskar/Documents/GitHub/Everything_is_broken_downGameJam/Unfinished game 3
Using Asset Import Pipeline V2.
Unable to load player prefs
Refreshing native plugins compatible for Editor in 31.76 ms, found 1 plugins.
Preloading 0 native plugins for Editor in 0.00 ms.
Initialize engine version: 2020.2.0f1 (3721df5a8b28)
[Subsystems] Discovering subsystems at path /home/oskar/Unity/Hub/Editor/2020.2.0f1/Editor/Data/Resources/UnitySubsystems
[Subsystems] Discovering subsystems at path /home/oskar/Documents/GitHub/Everything_is_broken_downGameJam/Unfinished game 3/Assets
GLX Extensions: GLX_EXT_visual_info GLX_EXT_visual_rating GLX_EXT_import_context GLX_SGIX_fbconfig GLX_SGIX_pbuffer GLX_SGI_video_sync GLX_SGI_swap_control GLX_EXT_swap_control GLX_EXT_swap_control_tear GLX_EXT_texture_from_pixmap GLX_EXT_buffer_age GLX_ARB_create_context GLX_ARB_create_context_profile GLX_EXT_create_context_es_profile GLX_EXT_create_context_es2_profile GLX_ARB_create_context_no_error GLX_ARB_create_context_robustness GLX_NV_delay_before_swap GLX_EXT_stereo_tree GLX_ARB_context_flush_control GLX_NV_robustness_video_memory_purge GLX_NV_multigpu_context GLX_ARB_multisample GLX_NV_float_buffer GLX_ARB_fbconfig_float GLX_EXT_framebuffer_sRGB GLX_NV_copy_image GLX_ARB_get_proc_address 
Renderer: GeForce GTX 1050 Ti/PCIe/SSE2
Vendor:   NVIDIA Corporation
Version:  4.5.0 NVIDIA 455.38
GLES:     0
 GL_AMD_multi_draw_indirect GL_AMD_seamless_cubemap_per_texture GL_AMD_vertex_shader_viewport_index GL_AMD_vertex_shader_layer GL_ARB_arrays_of_arrays GL_ARB_base_instance GL_ARB_bindless_texture GL_ARB_blend_func_extended GL_ARB_buffer_storage GL_ARB_clear_buffer_object GL_ARB_clear_texture GL_ARB_clip_control GL_ARB_color_buffer_float GL_ARB_compressed_texture_pixel_storage GL_ARB_conservative_depth GL_ARB_compute_shader GL_ARB_compute_variable_group_size GL_ARB_conditional_render_inverted GL_ARB_copy_buffer GL_ARB_copy_image GL_ARB_cull_distance GL_ARB_debug_output GL_ARB_depth_buffer_float GL_ARB_depth_clamp GL_ARB_depth_texture GL_ARB_derivative_control GL_ARB_direct_state_access GL_ARB_draw_buffers GL_ARB_draw_buffers_blend GL_ARB_draw_indirect GL_ARB_draw_elements_base_vertex GL_ARB_draw_instanced GL_ARB_enhanced_layouts GL_ARB_ES2_compatibility GL_ARB_ES3_compatibility GL_ARB_ES3_1_compatibility GL_ARB_ES3_2_compatibility GL_ARB_explicit_attrib_location GL_ARB_explicit_uniform_location GL_ARB_fragmen
t_coord_conventions GL_ARB_fragment_layer_viewport GL_ARB_fragment_program GL_ARB_fragment_program_shadow GL_ARB_fragment_shader GL_ARB_fragment_shader_interlock GL_ARB_framebuffer_no_attachments GL_ARB_framebuffer_object GL_ARB_framebuffer_sRGB GL_ARB_geometry_shader4 GL_ARB_get_program_binary GL_ARB_get_texture_sub_image GL_ARB_gl_spirv GL_ARB_gpu_shader5 GL_ARB_gpu_shader_fp64 GL_ARB_gpu_shader_int64 GL_ARB_half_float_pixel GL_ARB_half_float_vertex GL_ARB_imaging GL_ARB_indirect_parameters GL_ARB_instanced_arrays GL_ARB_internalformat_query GL_ARB_internalformat_query2 GL_ARB_invalidate_subdata GL_ARB_map_buffer_alignment GL_ARB_map_buffer_range GL_ARB_multi_bind GL_ARB_multi_draw_indirect GL_ARB_multisample GL_ARB_multitexture GL_ARB_occlusion_query GL_ARB_occlusion_query2 GL_ARB_parallel_shader_compile GL_ARB_pipeline_statistics_query GL_ARB_pixel_buffer_object GL_ARB_point_parameters GL_ARB_point_sprite GL_ARB_polygon_offset_clamp GL_ARB_post_depth_coverage GL_ARB_program_interface_query GL_ARB_provoki
ng_vertex GL_ARB_query_buffer_object GL_ARB_robust_buffer_access_behavior GL_ARB_robustness GL_ARB_sample_locations GL_ARB_sample_shading GL_ARB_sampler_objects GL_ARB_seamless_cube_map GL_ARB_seamless_cubemap_per_texture GL_ARB_separate_shader_objects GL_ARB_shader_atomic_counter_ops GL_ARB_shader_atomic_counters GL_ARB_shader_ballot GL_ARB_shader_bit_encoding GL_ARB_shader_clock GL_ARB_shader_draw_parameters GL_ARB_shader_group_vote GL_ARB_shader_image_load_store GL_ARB_shader_image_size GL_ARB_shader_objects GL_ARB_shader_precision GL_ARB_shader_storage_buffer_object GL_ARB_shader_subroutine GL_ARB_shader_texture_image_samples GL_ARB_shader_texture_lod GL_ARB_shading_language_100 GL_ARB_shader_viewport_layer_array GL_ARB_shading_language_420pack GL_ARB_shading_language_include GL_ARB_shading_language_packing GL_ARB_shadow GL_ARB_sparse_buffer GL_ARB_sparse_texture GL_ARB_sparse_texture2 GL_ARB_sparse_texture_clamp GL_ARB_spirv_extensions GL_ARB_stencil_texturing GL_ARB_sync GL_ARB_tessellation_shader GL_A
RB_texture_barrier GL_ARB_texture_border_clamp GL_ARB_texture_buffer_object GL_ARB_texture_buffer_object_rgb32 GL_ARB_texture_buffer_range GL_ARB_texture_compression GL_ARB_texture_compression_bptc GL_ARB_texture_compression_rgtc GL_ARB_texture_cube_map GL_ARB_texture_cube_map_array GL_ARB_texture_env_add GL_ARB_texture_env_combine GL_ARB_texture_env_crossbar GL_ARB_texture_env_dot3 GL_ARB_texture_filter_anisotropic GL_ARB_texture_filter_minmax GL_ARB_texture_float GL_ARB_texture_gather GL_ARB_texture_mirror_clamp_to_edge GL_ARB_texture_mirrored_repeat GL_ARB_texture_multisample GL_ARB_texture_non_power_of_two GL_ARB_texture_query_levels GL_ARB_texture_query_lod GL_ARB_texture_rectangle GL_ARB_texture_rg GL_ARB_texture_rgb10_a2ui GL_ARB_texture_stencil8 GL_ARB_texture_storage GL_ARB_texture_storage_multisample GL_ARB_texture_swizzle GL_ARB_texture_view GL_ARB_timer_query GL_ARB_transform_feedback2 GL_ARB_transform_feedback3 GL_ARB_transform_feedback_instanced GL_ARB_transform_feedback_overflow_query GL_ARB_t
ranspose_matrix GL_ARB_uniform_buffer_object GL_ARB_vertex_array_bgra GL_ARB_vertex_array_object GL_ARB_vertex_attrib_64bit GL_ARB_vertex_attrib_binding GL_ARB_vertex_buffer_object GL_ARB_vertex_program GL_ARB_vertex_shader GL_ARB_vertex_type_10f_11f_11f_rev GL_ARB_vertex_type_2_10_10_10_rev GL_ARB_viewport_array GL_ARB_window_pos GL_ATI_draw_buffers GL_ATI_texture_float GL_ATI_texture_mirror_once GL_S3_s3tc GL_EXT_texture_env_add GL_EXT_abgr GL_EXT_bgra GL_EXT_bindable_uniform GL_EXT_blend_color GL_EXT_blend_equation_separate GL_EXT_blend_func_separate GL_EXT_blend_minmax GL_EXT_blend_subtract GL_EXT_compiled_vertex_array GL_EXT_Cg_shader GL_EXT_depth_bounds_test GL_EXT_direct_state_access GL_EXT_draw_buffers2 GL_EXT_draw_instanced GL_EXT_draw_range_elements GL_EXT_fog_coord GL_EXT_framebuffer_blit GL_EXT_framebuffer_multisample GL_EXTX_framebuffer_mixed_formats GL_EXT_framebuffer_multisample_blit_scaled GL_EXT_framebuffer_object GL_EXT_framebuffer_sRGB GL_EXT_geometry_shader4 GL_EXT_gpu_program_parameters 
GL_EXT_gpu_shader4 GL_EXT_multi_draw_arrays GL_EXT_multiview_texture_multisample GL_EXT_multiview_timer_query GL_EXT_packed_depth_stencil GL_EXT_packed_float GL_EXT_packed_pixels GL_EXT_pixel_buffer_object GL_EXT_point_parameters GL_EXT_polygon_offset_clamp GL_EXT_post_depth_coverage GL_EXT_provoking_vertex GL_EXT_raster_multisample GL_EXT_rescale_normal GL_EXT_secondary_color GL_EXT_separate_shader_objects GL_EXT_separate_specular_color GL_EXT_shader_image_load_formatted GL_EXT_shader_image_load_store GL_EXT_shader_integer_mix GL_EXT_shadow_funcs GL_EXT_sparse_texture2 GL_EXT_stencil_two_side GL_EXT_stencil_wrap GL_EXT_texture3D GL_EXT_texture_array GL_EXT_texture_buffer_object GL_EXT_texture_compression_dxt1 GL_EXT_texture_compression_latc GL_EXT_texture_compression_rgtc GL_EXT_texture_compression_s3tc GL_EXT_texture_cube_map GL_EXT_texture_edge_clamp GL_EXT_texture_env_combine GL_EXT_texture_env_dot3 GL_EXT_texture_filter_anisotropic GL_EXT_texture_filter_minmax GL_EXT_texture_integer GL_EXT_texture_lod G
L_EXT_texture_lod_bias GL_EXT_texture_mirror_clamp GL_EXT_texture_object GL_EXT_texture_shadow_lod GL_EXT_texture_shared_exponent GL_EXT_texture_sRGB GL_EXT_texture_sRGB_R8 GL_EXT_texture_sRGB_decode GL_EXT_texture_storage GL_EXT_texture_swizzle GL_EXT_timer_query GL_EXT_transform_feedback2 GL_EXT_vertex_array GL_EXT_vertex_array_bgra GL_EXT_vertex_attrib_64bit GL_EXT_window_rectangles GL_EXT_x11_sync_object GL_EXT_import_sync_object GL_NV_robustness_video_memory_purge GL_IBM_rasterpos_clip GL_IBM_texture_mirrored_repeat GL_KHR_context_flush_control GL_KHR_debug GL_EXT_memory_object GL_EXT_memory_object_fd GL_KHR_parallel_shader_compile GL_KHR_no_error GL_KHR_robust_buffer_access_behavior GL_KHR_robustness GL_EXT_semaphore GL_EXT_semaphore_fd GL_KHR_shader_subgroup GL_KTX_buffer_region GL_NV_alpha_to_coverage_dither_control GL_NV_bindless_multi_draw_indirect GL_NV_bindless_multi_draw_indirect_count GL_NV_bindless_texture GL_NV_blend_equation_advanced GL_NV_blend_equation_advanced_coherent GL_NVX_blend_equati
on_advanced_multi_draw_buffers GL_NV_blend_minmax_factor GL_NV_blend_square GL_NV_clip_space_w_scaling GL_NV_command_list GL_NV_compute_program5 GL_NV_conditional_render GL_NV_conservative_raster GL_NV_conservative_raster_dilate GL_NV_conservative_raster_pre_snap_triangles GL_NV_copy_depth_to_color GL_NV_copy_image GL_NV_depth_buffer_float GL_NV_depth_clamp GL_NV_draw_texture GL_NV_draw_vulkan_image GL_NV_ES1_1_compatibility GL_NV_ES3_1_compatibility GL_NV_explicit_multisample GL_NV_feature_query GL_NV_fence GL_NV_fill_rectangle GL_NV_float_buffer GL_NV_fog_distance GL_NV_fragment_coverage_to_color GL_NV_fragment_program GL_NV_fragment_program_option GL_NV_fragment_program2 GL_NV_fragment_shader_interlock GL_NV_framebuffer_mixed_samples GL_NV_framebuffer_multisample_coverage GL_NV_geometry_shader4 GL_NV_geometry_shader_passthrough GL_NV_gpu_program4 GL_NV_internalformat_sample_query GL_NV_gpu_program4_1 GL_NV_gpu_program5 GL_NV_gpu_program5_mem_extended GL_NV_gpu_program_fp64 GL_NV_gpu_shader5 GL_NV_half_flo
at GL_NV_light_max_exponent GL_NV_memory_attachment GL_NV_multisample_coverage GL_NV_multisample_filter_hint GL_NV_occlusion_query GL_NV_packed_depth_stencil GL_NV_parameter_buffer_object GL_NV_parameter_buffer_object2 GL_NV_path_rendering GL_NV_path_rendering_shared_edge GL_NV_pixel_data_range GL_NV_point_sprite GL_NV_primitive_restart GL_NV_query_resource GL_NV_query_resource_tag GL_NV_register_combiners GL_NV_register_combiners2 GL_NV_sample_locations GL_NV_sample_mask_override_coverage GL_NV_shader_atomic_counters GL_NV_shader_atomic_float GL_NV_shader_atomic_float64 GL_NV_shader_atomic_fp16_vector GL_NV_shader_atomic_int64 GL_NV_shader_buffer_load GL_NV_shader_storage_buffer_object GL_NV_shader_subgroup_partitioned GL_NV_stereo_view_rendering GL_NV_texgen_reflection GL_NV_texture_barrier GL_NV_texture_compression_vtc GL_NV_texture_env_combine4 GL_NV_texture_multisample GL_NV_texture_rectangle GL_NV_texture_rectangle_compressed GL_NV_texture_shader GL_NV_texture_shader2 GL_NV_texture_shader3 GL_NV_transf
orm_feedback GL_NV_transform_feedback2 GL_NV_uniform_buffer_unified_memory GL_NV_vdpau_interop GL_NV_vdpau_interop2 GL_NV_vertex_array_range GL_NV_vertex_array_range2 GL_NV_vertex_attrib_integer_64bit GL_NV_vertex_buffer_unified_memory GL_NV_vertex_program GL_NV_vertex_program1_1 GL_NV_vertex_program2 GL_NV_vertex_program2_option GL_NV_vertex_program3 GL_NV_viewport_array2 GL_NV_viewport_swizzle GL_NVX_conditional_render GL_NV_gpu_multicast GL_NVX_progress_fence GL_NVX_gpu_memory_info GL_NVX_nvenc_interop GL_NV_shader_thread_group GL_NV_shader_thread_shuffle GL_KHR_blend_equation_advanced GL_KHR_blend_equation_advanced_coherent GL_OVR_multiview GL_OVR_multiview2 GL_SGIS_generate_mipmap GL_SGIS_texture_lod GL_SGIX_depth_texture GL_SGIX_shadow GL_SUN_slice_accum
OPENGL LOG: Creating OpenGL 4.5 graphics device ; Context level  <OpenGL 4.5> ; Context handle 11515192
Initialize mono
Mono path[0] = '/home/oskar/Unity/Hub/Editor/2020.2.0f1/Editor/Data/Managed'
Mono path[1] = '/home/oskar/Unity/Hub/Editor/2020.2.0f1/Editor/Data/MonoBleedingEdge/lib/mono/unityjit'
Mono config path = '/home/oskar/Unity/Hub/Editor/2020.2.0f1/Editor/Data/MonoBleedingEdge/etc'
Using monoOptions --debugger-agent=transport=dt_socket,embedding=1,server=y,suspend=n,address=127.0.0.1:56105
Begin MonoManager ReloadAssembly
Registering precompiled unity dll's ...
Register platform support module: /home/oskar/Unity/Hub/Editor/2020.2.0f1/Editor/Data/PlaybackEngines/WebGLSupport/UnityEditor.WebGL.Extensions.dll
Register platform support module: /home/oskar/Unity/Hub/Editor/2020.2.0f1/Editor/Data/PlaybackEngines/MacStandaloneSupport/UnityEditor.OSXStandalone.Extensions.dll
Register platform support module: /home/oskar/Unity/Hub/Editor/2020.2.0f1/Editor/Data/PlaybackEngines/WindowsStandaloneSupport/UnityEditor.WindowsStandalone.Extensions.dll
Register platform support module: /home/oskar/Unity/Hub/Editor/2020.2.0f1/Editor/Data/PlaybackEngines/LinuxStandaloneSupport/UnityEditor.LinuxStandalone.Extensions.dll
Registered in 0.001622 seconds.
Native extension for LinuxStandalone target not found
Native extension for WindowsStandalone target not found
Native extension for OSXStandalone target not found
Native extension for WebGL target not found
Refreshing native plugins compatible for Editor in 30.87 ms, found 1 plugins.
Preloading 0 native plugins for Editor in 0.00 ms.
Invoked RoslynAnalysisRunner static constructor.
RoslynAnalysisRunner will not be running.
RoslynAnalysisRunner has terminated.
Mono: successfully reloaded assembly
- Completed reload, in  1.828 seconds
Platform modules already initialized, skipping
Registering precompiled user dll's ...
Registered in 0.000645 seconds.
Begin MonoManager ReloadAssembly
Native extension for LinuxStandalone target not found
Native extension for WindowsStandalone target not found
Native extension for OSXStandalone target not found
Native extension for WebGL target not found
Refreshing native plugins compatible for Editor in 30.58 ms, found 1 plugins.
Preloading 0 native plugins for Editor in 0.00 ms.
Invoked RoslynAnalysisRunner static constructor.
RoslynAnalysisRunner will not be running.
RoslynAnalysisRunner has terminated.
Mono: successfully reloaded assembly
- Completed reload, in  0.791 seconds
Platform modules already initialized, skipping
========================================================================
Worker process is ready to serve import requests
Launched and connected shader compiler UnityShaderCompiler after 0.01 seconds
Refreshing native plugins compatible for Editor in 0.35 ms, found 1 plugins.
Preloading 0 native plugins for Editor in 0.00 ms.
Unloading 1806 Unused Serialized files (Serialized files now loaded: 0)
System memory in use before: 80.4 MB.
System memory in use after: 80.4 MB.

Unloading 24 unused Assets to reduce memory usage. Loaded Objects now: 2246.
Total: 2.826623 ms (FindLiveObjects: 0.208383 ms CreateObjectMapping: 0.070935 ms MarkObjects: 2.334263 ms  DeleteObjects: 0.211716 ms)

========================================================================
Received Import Request.
  path: Assets/player/Player.prefab
  artifactKey: Guid(774326e9863013b318bc6db8718914e9) Importer(815301076,1909f56bfc062723c751e8b465ee728b)
Start importing Assets/player/Player.prefab using Guid(774326e9863013b318bc6db8718914e9) Importer(815301076,1909f56bfc062723c751e8b465ee728b)  -> (artifact id: '240045da3f0349e5fb1343fba9e7e700') in 0.071506 seconds
  Import took 0.074906 seconds .

========================================================================
Received Import Request.
  Time since last request: 0.003031 seconds.
  path: Assets/player/Player.prefab
  artifactKey: Guid(774326e9863013b318bc6db8718914e9) Importer(815301076,1909f56bfc062723c751e8b465ee728b)
Start importing Assets/player/Player.prefab using Guid(774326e9863013b318bc6db8718914e9) Importer(815301076,1909f56bfc062723c751e8b465ee728b)  -> (artifact id: '240045da3f0349e5fb1343fba9e7e700') in 0.005306 seconds
  Import took 0.008070 seconds .

========================================================================
Received Import Request.
  Time since last request: 6.186923 seconds.
  path: Assets/Scenes/SampleScene.unity
  artifactKey: Guid(2cda990e2423bbf4892e6590ba056729) Importer(815301076,1909f56bfc062723c751e8b465ee728b)
Start importing Assets/Scenes/SampleScene.unity using Guid(2cda990e2423bbf4892e6590ba056729) Importer(815301076,1909f56bfc062723c751e8b465ee728b)  -> (artifact id: 'f505a9d7e69a4bfbdfcb4501081bf82a') in 0.001998 seconds
  Import took 0.004947 seconds .

========================================================================
Received Import Request.
  Time since last request: 8.466069 seconds.
  path: Assets/Prefabs/GameManager.prefab
  artifactKey: Guid(f20ba3b4fcf6fc8a3a8b180246955d09) Importer(815301076,1909f56bfc062723c751e8b465ee728b)
Start importing Assets/Prefabs/GameManager.prefab using Guid(f20ba3b4fcf6fc8a3a8b180246955d09) Importer(815301076,1909f56bfc062723c751e8b465ee728b)  -> (artifact id: 'd9c3012b8f6873693e8c9a7c98b1c0ad') in 0.077547 seconds
  Import took 0.081017 seconds .

========================================================================
Received Import Request.
  Time since last request: 2.235235 seconds.
  path: Assets/Prefabs/Square (1).prefab
  artifactKey: Guid(13497e7354cee5da399b03b91bac0c53) Importer(815301076,1909f56bfc062723c751e8b465ee728b)
Start importing Assets/Prefabs/Square (1).prefab using Guid(13497e7354cee5da399b03b91bac0c53) Importer(815301076,1909f56bfc062723c751e8b465ee728b)  -> (artifact id: 'e4e01835884b0c04f865d352093bd85f') in 0.005511 seconds
  Import took 0.008104 seconds .

========================================================================
Received Import Request.
  Time since last request: 0.006629 seconds.
  path: Assets/Prefabs/Square (1).prefab
  artifactKey: Guid(13497e7354cee5da399b03b91bac0c53) Importer(815301076,1909f56bfc062723c751e8b465ee728b)
Start importing Assets/Prefabs/Square (1).prefab using Guid(13497e7354cee5da399b03b91bac0c53) Importer(815301076,1909f56bfc062723c751e8b465ee728b)  -> (artifact id: 'e4e01835884b0c04f865d352093bd85f') in 0.004956 seconds
  Import took 0.007448 seconds .

========================================================================
Received Import Request.
  Time since last request: 6.807971 seconds.
  path: Assets/Scenes/LVL1.unity
  artifactKey: Guid(5e6c32ad2b9754e7388e01cbc1d098c0) Importer(815301076,1909f56bfc062723c751e8b465ee728b)
Start importing Assets/Scenes/LVL1.unity using Guid(5e6c32ad2b9754e7388e01cbc1d098c0) Importer(815301076,1909f56bfc062723c751e8b465ee728b)  -> (artifact id: '4161c6825a1c28f62e56a6518660f6a4') in 0.001358 seconds
  Import took 0.004119 seconds .

========================================================================
Received Import Request.
  Time since last request: 0.000466 seconds.
  path: Assets/Scenes/LVL1.unity
  artifactKey: Guid(5e6c32ad2b9754e7388e01cbc1d098c0) Importer(815301076,1909f56bfc062723c751e8b465ee728b)
Start importing Assets/Scenes/LVL1.unity using Guid(5e6c32ad2b9754e7388e01cbc1d098c0) Importer(815301076,1909f56bfc062723c751e8b465ee728b)  -> (artifact id: '4161c6825a1c28f62e56a6518660f6a4') in 0.000953 seconds
  Import took 0.003502 seconds .

========================================================================
Received Import Request.
  Time since last request: 206.037380 seconds.
  path: Assets/Scenes/SampleScene.unity
  artifactKey: Guid(2cda990e2423bbf4892e6590ba056729) Importer(815301076,1909f56bfc062723c751e8b465ee728b)
Start importing Assets/Scenes/SampleScene.unity using Guid(2cda990e2423bbf4892e6590ba056729) Importer(815301076,1909f56bfc062723c751e8b465ee728b)  -> (artifact id: 'bd4c1bb0232d77d69d555f38807ff847') in 0.000969 seconds
  Import took 0.003296 seconds .

========================================================================
Received Prepare
Registering precompiled user dll's ...
Registered in 0.000703 seconds.
Begin MonoManager ReloadAssembly
Native extension for LinuxStandalone target not found
Native extension for WindowsStandalone target not found
Native extension for OSXStandalone target not found
Native extension for WebGL target not found
Refreshing native plugins compatible for Editor in 0.31 ms, found 1 plugins.
Preloading 0 native plugins for Editor in 0.00 ms.
Invoked RoslynAnalysisRunner static constructor.
RoslynAnalysisRunner will not be running.
RoslynAnalysisRunner has terminated.
Mono: successfully reloaded assembly
- Completed reload, in  0.719 seconds
Platform modules already initialized, skipping
Refreshing native plugins compatible for Editor in 0.30 ms, found 1 plugins.
Preloading 0 native plugins for Editor in 0.00 ms.
Unloading 1788 Unused Serialized files (Serialized files now loaded: 0)
System memory in use before: 81.4 MB.
System memory in use after: 81.4 MB.

Unloading 13 unused Assets to reduce memory usage. Loaded Objects now: 2256.
Total: 2.252543 ms (FindLiveObjects: 0.140099 ms CreateObjectMapping: 0.044256 ms MarkObjects: 1.975490 ms  DeleteObjects: 0.091884 ms)

========================================================================
Received Import Request.
  Time since last request: 58.933628 seconds.
  path: Assets/Scenes/LVL1.unity
  artifactKey: Guid(5e6c32ad2b9754e7388e01cbc1d098c0) Importer(815301076,1909f56bfc062723c751e8b465ee728b)
Start importing Assets/Scenes/LVL1.unity using Guid(5e6c32ad2b9754e7388e01cbc1d098c0) Importer(815301076,1909f56bfc062723c751e8b465ee728b)  -> (artifact id: '84dd1f8bff8b32b7a8c6c88c9b25a77c') in 0.009102 seconds
  Import took 0.011756 seconds .

========================================================================
Received Prepare
Registering precompiled user dll's ...
Registered in 0.000629 seconds.
Begin MonoManager ReloadAssembly
Native extension for LinuxStandalone target not found
Native extension for WindowsStandalone target not found
Native extension for OSXStandalone target not found
Native extension for WebGL target not found
Refreshing native plugins compatible for Editor in 0.30 ms, found 1 plugins.
Preloading 0 native plugins for Editor in 0.00 ms.
Invoked RoslynAnalysisRunner static constructor.
RoslynAnalysisRunner will not be running.
RoslynAnalysisRunner has terminated.
Mono: successfully reloaded assembly
- Completed reload, in  0.699 seconds
Platform modules already initialized, skipping
Refreshing native plugins compatible for Editor in 0.30 ms, found 1 plugins.
Preloading 0 native plugins for Editor in 0.00 ms.
Unloading 1788 Unused Serialized files (Serialized files now loaded: 0)
System memory in use before: 81.6 MB.
System memory in use after: 81.7 MB.

Unloading 12 unused Assets to reduce memory usage. Loaded Objects now: 2259.
Total: 2.329562 ms (FindLiveObjects: 0.165964 ms CreateObjectMapping: 0.048820 ms MarkObjects: 2.023832 ms  DeleteObjects: 0.089985 ms)

========================================================================
Received Prepare
Registering precompiled user dll's ...
Registered in 0.000623 seconds.
Begin MonoManager ReloadAssembly
Native extension for LinuxStandalone target not found
Native extension for WindowsStandalone target not found
Native extension for OSXStandalone target not found
Native extension for WebGL target not found
Refreshing native plugins compatible for Editor in 0.31 ms, found 1 plugins.
Preloading 0 native plugins for Editor in 0.00 ms.
Invoked RoslynAnalysisRunner static constructor.
RoslynAnalysisRunner will not be running.
RoslynAnalysisRunner has terminated.
Mono: successfully reloaded assembly
- Completed reload, in  0.714 seconds
Platform modules already initialized, skipping
Refreshing native plugins compatible for Editor in 0.30 ms, found 1 plugins.
Preloading 0 native plugins for Editor in 0.00 ms.
Unloading 1788 Unused Serialized files (Serialized files now loaded: 0)
System memory in use before: 81.9 MB.
System memory in use after: 81.9 MB.

Unloading 12 unused Assets to reduce memory usage. Loaded Objects now: 2262.
Total: 2.257341 ms (FindLiveObjects: 0.145907 ms CreateObjectMapping: 0.044527 ms MarkObjects: 1.973751 ms  DeleteObjects: 0.092227 ms)

========================================================================
Received Prepare
Registering precompiled user dll's ...
Registered in 0.000684 seconds.
Begin MonoManager ReloadAssembly
Native extension for LinuxStandalone target not found
Native extension for WindowsStandalone target not found
Native extension for OSXStandalone target not found
Native extension for WebGL target not found
Refreshing native plugins compatible for Editor in 0.45 ms, found 1 plugins.
Preloading 0 native plugins for Editor in 0.00 ms.
Invoked RoslynAnalysisRunner static constructor.
RoslynAnalysisRunner will not be running.
RoslynAnalysisRunner has terminated.
Mono: successfully reloaded assembly
- Completed reload, in  0.780 seconds
Platform modules already initialized, skipping
Refreshing native plugins compatible for Editor in 0.30 ms, found 1 plugins.
Preloading 0 native plugins for Editor in 0.00 ms.
Unloading 1788 Unused Serialized files (Serialized files now loaded: 0)
System memory in use before: 81.9 MB.
System memory in use after: 81.9 MB.

Unloading 12 unused Assets to reduce memory usage. Loaded Objects now: 2265.
Total: 2.246689 ms (FindLiveObjects: 0.161586 ms CreateObjectMapping: 0.046129 ms MarkObjects: 1.951629 ms  DeleteObjects: 0.086449 ms)

========================================================================
Received Import Request.
  Time since last request: 217.824627 seconds.
  path: Assets/Scenes/SampleScene.unity
  artifactKey: Guid(2cda990e2423bbf4892e6590ba056729) Importer(815301076,1909f56bfc062723c751e8b465ee728b)
Start importing Assets/Scenes/SampleScene.unity using Guid(2cda990e2423bbf4892e6590ba056729) Importer(815301076,1909f56bfc062723c751e8b465ee728b)  -> (artifact id: '8be22b89004c22b1fdf8a1343035b955') in 0.008412 seconds
  Import took 0.011005 seconds .

========================================================================
Received Import Request.
  Time since last request: 44.207221 seconds.
  path: Assets/Prefabs/GameManager.prefab
  artifactKey: Guid(f20ba3b4fcf6fc8a3a8b180246955d09) Importer(815301076,1909f56bfc062723c751e8b465ee728b)
Start importing Assets/Prefabs/GameManager.prefab using Guid(f20ba3b4fcf6fc8a3a8b180246955d09) Importer(815301076,1909f56bfc062723c751e8b465ee728b)  -> (artifact id: '80bfbbd99af992971e43449a467513df') in 0.043009 seconds
  Import took 0.045581 seconds .

========================================================================
Received Import Request.
  Time since last request: 16.649340 seconds.
  path: Assets/Prefabs/CanvasDialog.prefab
  artifactKey: Guid(a3d7420a128f031a8b81962a32463763) Importer(815301076,1909f56bfc062723c751e8b465ee728b)
Start importing Assets/Prefabs/CanvasDialog.prefab using Guid(a3d7420a128f031a8b81962a32463763) Importer(815301076,1909f56bfc062723c751e8b465ee728b)  -> (artifact id: 'f4348374d8506f054f7624422afa4bb3') in 0.052274 seconds
  Import took 0.054961 seconds .

========================================================================
Received Prepare
Registering precompiled user dll's ...
Registered in 0.000646 seconds.
Begin MonoManager ReloadAssembly
Native extension for LinuxStandalone target not found
Native extension for WindowsStandalone target not found
Native extension for OSXStandalone target not found
Native extension for WebGL target not found
Refreshing native plugins compatible for Editor in 0.31 ms, found 1 plugins.
Preloading 0 native plugins for Editor in 0.00 ms.
Invoked RoslynAnalysisRunner static constructor.
RoslynAnalysisRunner will not be running.
RoslynAnalysisRunner has terminated.
Mono: successfully reloaded assembly
- Completed reload, in  0.712 seconds
Platform modules already initialized, skipping
Refreshing native plugins compatible for Editor in 0.30 ms, found 1 plugins.
Preloading 0 native plugins for Editor in 0.00 ms.
Unloading 1788 Unused Serialized files (Serialized files now loaded: 0)
System memory in use before: 82.4 MB.
System memory in use after: 82.4 MB.

Unloading 13 unused Assets to reduce memory usage. Loaded Objects now: 2269.
Total: 2.395675 ms (FindLiveObjects: 0.171000 ms CreateObjectMapping: 0.049521 ms MarkObjects: 2.056195 ms  DeleteObjects: 0.117939 ms)

========================================================================
Received Prepare
Registering precompiled user dll's ...
Registered in 0.000615 seconds.
Begin MonoManager ReloadAssembly
Native extension for LinuxStandalone target not found
Native extension for WindowsStandalone target not found
Native extension for OSXStandalone target not found
Native extension for WebGL target not found
Refreshing native plugins compatible for Editor in 0.30 ms, found 1 plugins.
Preloading 0 native plugins for Editor in 0.00 ms.
Invoked RoslynAnalysisRunner static constructor.
RoslynAnalysisRunner will not be running.
RoslynAnalysisRunner has terminated.
Mono: successfully reloaded assembly
- Completed reload, in  0.696 seconds
Platform modules already initialized, skipping
Refreshing native plugins compatible for Editor in 0.30 ms, found 1 plugins.
Preloading 0 native plugins for Editor in 0.00 ms.
Unloading 1788 Unused Serialized files (Serialized files now loaded: 0)
System memory in use before: 82.7 MB.
System memory in use after: 82.7 MB.

Unloading 12 unused Assets to reduce memory usage. Loaded Objects now: 2272.
Total: 2.251837 ms (FindLiveObjects: 0.149435 ms CreateObjectMapping: 0.048855 ms MarkObjects: 1.961061 ms  DeleteObjects: 0.091609 ms)

========================================================================
Received Import Request.
  Time since last request: 195.629082 seconds.
  path: Assets/Dialogs
  artifactKey: Guid(9c2a10312e55ad653ab82572835ec18e) Importer(815301076,1909f56bfc062723c751e8b465ee728b)
Start importing Assets/Dialogs using Guid(9c2a10312e55ad653ab82572835ec18e) Importer(815301076,1909f56bfc062723c751e8b465ee728b)  -> (artifact id: '9b70e879275f6732df9d17ade9f7ad33') in 0.003797 seconds
  Import took 0.006524 seconds .

========================================================================
Received Import Request.
  Time since last request: 20.695095 seconds.
  path: Assets/Dialogs/LVL0Dialog.cs
  artifactKey: Guid(1acd57eafe859018ab637b46d379402f) Importer(815301076,1909f56bfc062723c751e8b465ee728b)
Start importing Assets/Dialogs/LVL0Dialog.cs using Guid(1acd57eafe859018ab637b46d379402f) Importer(815301076,1909f56bfc062723c751e8b465ee728b)  -> (artifact id: '7c975fe50dbff43a1c7a4b305994ee2c') in 0.001308 seconds
  Import took 0.003833 seconds .

========================================================================
Received Prepare
Registering precompiled user dll's ...
Registered in 0.000606 seconds.
Begin MonoManager ReloadAssembly
Native extension for LinuxStandalone target not found
Native extension for WindowsStandalone target not found
Native extension for OSXStandalone target not found
Native extension for WebGL target not found
Refreshing native plugins compatible for Editor in 0.33 ms, found 1 plugins.
Preloading 0 native plugins for Editor in 0.00 ms.
Invoked RoslynAnalysisRunner static constructor.
RoslynAnalysisRunner will not be running.
RoslynAnalysisRunner has terminated.
Mono: successfully reloaded assembly
- Completed reload, in  0.730 seconds
Platform modules already initialized, skipping
Refreshing native plugins compatible for Editor in 0.30 ms, found 1 plugins.
Preloading 0 native plugins for Editor in 0.00 ms.
Unloading 1789 Unused Serialized files (Serialized files now loaded: 0)
System memory in use before: 82.9 MB.
System memory in use after: 82.9 MB.

Unloading 12 unused Assets to reduce memory usage. Loaded Objects now: 2276.
Total: 2.437086 ms (FindLiveObjects: 0.169253 ms CreateObjectMapping: 0.050025 ms MarkObjects: 2.106712 ms  DeleteObjects: 0.094360 ms)

========================================================================
Received Prepare
Registering precompiled user dll's ...
Registered in 0.000710 seconds.
Begin MonoManager ReloadAssembly
Native extension for LinuxStandalone target not found
Native extension for WindowsStandalone target not found
Native extension for OSXStandalone target not found
Native extension for WebGL target not found
Refreshing native plugins compatible for Editor in 0.31 ms, found 1 plugins.
Preloading 0 native plugins for Editor in 0.00 ms.
Invoked RoslynAnalysisRunner static constructor.
RoslynAnalysisRunner will not be running.
RoslynAnalysisRunner has terminated.
Mono: successfully reloaded assembly
- Completed reload, in  0.725 seconds
Platform modules already initialized, skipping
Refreshing native plugins compatible for Editor in 0.33 ms, found 1 plugins.
Preloading 0 native plugins for Editor in 0.00 ms.
Unloading 1789 Unused Serialized files (Serialized files now loaded: 0)
System memory in use before: 83.0 MB.
System memory in use after: 83.0 MB.

Unloading 12 unused Assets to reduce memory usage. Loaded Objects now: 2279.
Total: 2.467379 ms (FindLiveObjects: 0.178410 ms CreateObjectMapping: 0.064776 ms MarkObjects: 2.118139 ms  DeleteObjects: 0.105065 ms)

========================================================================
Received Import Request.
  Time since last request: 471.271373 seconds.
  path: Assets/Dialogs/LVL0Dialog.cs
  artifactKey: Guid(1acd57eafe859018ab637b46d379402f) Importer(815301076,1909f56bfc062723c751e8b465ee728b)
Start importing Assets/Dialogs/LVL0Dialog.cs using Guid(1acd57eafe859018ab637b46d379402f) Importer(815301076,1909f56bfc062723c751e8b465ee728b)  -> (artifact id: 'b1a5ae5f7fcab6e168b3af3afe906e52') in 0.003126 seconds
  Import took 0.005679 seconds .

========================================================================
Received Prepare
Registering precompiled user dll's ...
Registered in 0.001180 seconds.
Begin MonoManager ReloadAssembly
Native extension for LinuxStandalone target not found
Native extension for WindowsStandalone target not found
Native extension for OSXStandalone target not found
Native extension for WebGL target not found
Refreshing native plugins compatible for Editor in 0.31 ms, found 1 plugins.
Preloading 0 native plugins for Editor in 0.00 ms.
Invoked RoslynAnalysisRunner static constructor.
RoslynAnalysisRunner will not be running.
RoslynAnalysisRunner has terminated.
Mono: successfully reloaded assembly
- Completed reload, in  0.744 seconds
Platform modules already initialized, skipping
Refreshing native plugins compatible for Editor in 0.33 ms, found 1 plugins.
Preloading 0 native plugins for Editor in 0.00 ms.
Unloading 1789 Unused Serialized files (Serialized files now loaded: 0)
System memory in use before: 82.4 MB.
System memory in use after: 82.4 MB.

Unloading 12 unused Assets to reduce memory usage. Loaded Objects now: 2282.
Total: 2.301872 ms (FindLiveObjects: 0.177502 ms CreateObjectMapping: 0.055246 ms MarkObjects: 1.965142 ms  DeleteObjects: 0.102958 ms)

========================================================================
Received Prepare
Registering precompiled user dll's ...
Registered in 0.000710 seconds.
Begin MonoManager ReloadAssembly
Native extension for LinuxStandalone target not found
Native extension for WindowsStandalone target not found
Native extension for OSXStandalone target not found
Native extension for WebGL target not found
Refreshing native plugins compatible for Editor in 0.35 ms, found 1 plugins.
Preloading 0 native plugins for Editor in 0.00 ms.
Invoked RoslynAnalysisRunner static constructor.
RoslynAnalysisRunner will not be running.
RoslynAnalysisRunner has terminated.
Mono: successfully reloaded assembly
- Completed reload, in  0.716 seconds
Platform modules already initialized, skipping
Refreshing native plugins compatible for Editor in 0.37 ms, found 1 plugins.
Preloading 0 native plugins for Editor in 0.00 ms.
Unloading 1905 Unused Serialized files (Serialized files now loaded: 0)
System memory in use before: 86.4 MB.
System memory in use after: 86.4 MB.

Unloading 12 unused Assets to reduce memory usage. Loaded Objects now: 2401.
Total: 2.478175 ms (FindLiveObjects: 0.184612 ms CreateObjectMapping: 0.055842 ms MarkObjects: 2.136925 ms  DeleteObjects: 0.099897 ms)

========================================================================
Received Import Request.
  Time since last request: 2379.730167 seconds.
  path: Assets/Dialogs/LVL0Dialog.cs
  artifactKey: Guid(1acd57eafe859018ab637b46d379402f) Importer(815301076,1909f56bfc062723c751e8b465ee728b)
Start importing Assets/Dialogs/LVL0Dialog.cs using Guid(1acd57eafe859018ab637b46d379402f) Importer(815301076,1909f56bfc062723c751e8b465ee728b)  -> (artifact id: 'cabb727e06f9d0154aab7156ed56e169') in 0.003369 seconds
  Import took 0.006213 seconds .

========================================================================
Received Prepare
Registering precompiled user dll's ...
Registered in 0.000669 seconds.
Begin MonoManager ReloadAssembly
Native extension for LinuxStandalone target not found
Native extension for WindowsStandalone target not found
Native extension for OSXStandalone target not found
Native extension for WebGL target not found
Refreshing native plugins compatible for Editor in 0.35 ms, found 1 plugins.
Preloading 0 native plugins for Editor in 0.00 ms.
Invoked RoslynAnalysisRunner static constructor.
RoslynAnalysisRunner will not be running.
RoslynAnalysisRunner has terminated.
Mono: successfully reloaded assembly
- Completed reload, in  0.723 seconds
Platform modules already initialized, skipping
Refreshing native plugins compatible for Editor in 0.38 ms, found 1 plugins.
Preloading 0 native plugins for Editor in 0.00 ms.
Unloading 1904 Unused Serialized files (Serialized files now loaded: 0)
System memory in use before: 86.6 MB.
System memory in use after: 86.6 MB.

Unloading 13 unused Assets to reduce memory usage. Loaded Objects now: 2403.
Total: 2.684751 ms (FindLiveObjects: 0.256479 ms CreateObjectMapping: 0.065978 ms MarkObjects: 2.248632 ms  DeleteObjects: 0.111906 ms)

========================================================================
Received Import Request.
  Time since last request: 89.454533 seconds.
  path: Assets/Dialogs/New Ink.json
  artifactKey: Guid(e098542553bd4570890c02e23c39cb29) Importer(815301076,1909f56bfc062723c751e8b465ee728b)
Start importing Assets/Dialogs/New Ink.json using Guid(e098542553bd4570890c02e23c39cb29) Importer(815301076,1909f56bfc062723c751e8b465ee728b)  -> (artifact id: 'b8038047aa93d8374130c94db8ed4520') in 0.010259 seconds
  Import took 0.013366 seconds .

========================================================================
Received Import Request.
  Time since last request: 0.000582 seconds.
  path: Assets/Dialogs/New Ink.json
  artifactKey: Guid(e098542553bd4570890c02e23c39cb29) Importer(815301076,1909f56bfc062723c751e8b465ee728b)
Start importing Assets/Dialogs/New Ink.json using Guid(e098542553bd4570890c02e23c39cb29) Importer(815301076,1909f56bfc062723c751e8b465ee728b)  -> (artifact id: 'b8038047aa93d8374130c94db8ed4520') in 0.001328 seconds
  Import took 0.004270 seconds .

========================================================================
Received Import Request.
  Time since last request: 252.163798 seconds.
  path: Assets/Prefabs/CanvasDialog.prefab
  artifactKey: Guid(a3d7420a128f031a8b81962a32463763) Importer(815301076,1909f56bfc062723c751e8b465ee728b)
Start importing Assets/Prefabs/CanvasDialog.prefab using Guid(a3d7420a128f031a8b81962a32463763) Importer(815301076,1909f56bfc062723c751e8b465ee728b)  -> (artifact id: 'f96a49aea8c792fb930cf1c035d6c46b') in 0.069239 seconds
  Import took 0.072255 seconds .

========================================================================
Received Import Request.
  Time since last request: 1.693853 seconds.
  path: Assets/InkLibrary.asset
  artifactKey: Guid(2ee8019f66949e70195c11a7c960ffc8) Importer(815301076,1909f56bfc062723c751e8b465ee728b)
Start importing Assets/InkLibrary.asset using Guid(2ee8019f66949e70195c11a7c960ffc8) Importer(815301076,1909f56bfc062723c751e8b465ee728b)  -> (artifact id: 'f6e185208ffdb85c97e3221a4da05961') in 0.003568 seconds
  Import took 0.006176 seconds .

========================================================================
Received Import Request.
  Time since last request: 0.000295 seconds.
  path: Assets/InkSettings.asset
  artifactKey: Guid(4476ff1431b412710ad57b78169c068b) Importer(815301076,1909f56bfc062723c751e8b465ee728b)
Start importing Assets/InkSettings.asset using Guid(4476ff1431b412710ad57b78169c068b) Importer(815301076,1909f56bfc062723c751e8b465ee728b)  -> (artifact id: '8cbb4b66f44dbe7d412c5c14c8a603c6') in 0.001648 seconds
  Import took 0.004389 seconds .

========================================================================
Received Import Request.
  Time since last request: 7.020398 seconds.
  path: Assets/Plugins
  artifactKey: Guid(873108eaaabf95450b8a04857aa6c2d0) Importer(815301076,1909f56bfc062723c751e8b465ee728b)
Start importing Assets/Plugins using Guid(873108eaaabf95450b8a04857aa6c2d0) Importer(815301076,1909f56bfc062723c751e8b465ee728b)  -> (artifact id: '6c3390a6f97c5e4171da42957970012a') in 0.000806 seconds
  Import took 0.003462 seconds .

========================================================================
Received Import Request.
  Time since last request: 0.000726 seconds.
  path: Assets/Plugins
  artifactKey: Guid(873108eaaabf95450b8a04857aa6c2d0) Importer(815301076,1909f56bfc062723c751e8b465ee728b)
Start importing Assets/Plugins using Guid(873108eaaabf95450b8a04857aa6c2d0) Importer(815301076,1909f56bfc062723c751e8b465ee728b)  -> (artifact id: '6c3390a6f97c5e4171da42957970012a') in 0.000960 seconds
  Import took 0.003562 seconds .

========================================================================
Received Import Request.
  Time since last request: 1.172567 seconds.
  path: Assets/Plugins/Ink
  artifactKey: Guid(9a3a993abd896883396bad56d919dcb0) Importer(815301076,1909f56bfc062723c751e8b465ee728b)
Start importing Assets/Plugins/Ink using Guid(9a3a993abd896883396bad56d919dcb0) Importer(815301076,1909f56bfc062723c751e8b465ee728b)  -> (artifact id: '50bd269d5a3f0eb87a77b1126555e74e') in 0.001050 seconds
  Import took 0.004138 seconds .

========================================================================
Received Import Request.
  Time since last request: 0.000658 seconds.
  path: Assets/Plugins/Ink
  artifactKey: Guid(9a3a993abd896883396bad56d919dcb0) Importer(815301076,1909f56bfc062723c751e8b465ee728b)
Start importing Assets/Plugins/Ink using Guid(9a3a993abd896883396bad56d919dcb0) Importer(815301076,1909f56bfc062723c751e8b465ee728b)  -> (artifact id: '50bd269d5a3f0eb87a77b1126555e74e') in 0.000871 seconds
  Import took 0.003475 seconds .

========================================================================
Received Import Request.
  Time since last request: 1.407106 seconds.
  path: Assets/Plugins/Ink/Example
  artifactKey: Guid(437afae28f7ce478fa60ca517959ab62) Importer(815301076,1909f56bfc062723c751e8b465ee728b)
Start importing Assets/Plugins/Ink/Example using Guid(437afae28f7ce478fa60ca517959ab62) Importer(815301076,1909f56bfc062723c751e8b465ee728b)  -> (artifact id: '8575711bffc014db8623e6e785222f42') in 0.000881 seconds
  Import took 0.003565 seconds .

========================================================================
Received Import Request.
  Time since last request: 2.754008 seconds.
  path: Assets/Plugins/Ink/Example/Example.unity
  artifactKey: Guid(8af1c5cbac5094782904447c9410b35d) Importer(815301076,1909f56bfc062723c751e8b465ee728b)
Start importing Assets/Plugins/Ink/Example/Example.unity using Guid(8af1c5cbac5094782904447c9410b35d) Importer(815301076,1909f56bfc062723c751e8b465ee728b)  -> (artifact id: '807bc7a9e5a1058d0fe5cc1723ff0a85') in 0.001174 seconds
  Import took 0.004058 seconds .

========================================================================
Received Import Request.
  Time since last request: 0.011985 seconds.
  path: Assets/Plugins/Ink/Example/Example.unity
  artifactKey: Guid(8af1c5cbac5094782904447c9410b35d) Importer(815301076,1909f56bfc062723c751e8b465ee728b)
Start importing Assets/Plugins/Ink/Example/Example.unity using Guid(8af1c5cbac5094782904447c9410b35d) Importer(815301076,1909f56bfc062723c751e8b465ee728b)  -> (artifact id: '807bc7a9e5a1058d0fe5cc1723ff0a85') in 0.001091 seconds
  Import took 0.003885 seconds .

========================================================================
Received Prepare
Registering precompiled user dll's ...
Registered in 0.000681 seconds.
Begin MonoManager ReloadAssembly
Native extension for LinuxStandalone target not found
Native extension for WindowsStandalone target not found
Native extension for OSXStandalone target not found
Native extension for WebGL target not found
Refreshing native plugins compatible for Editor in 0.32 ms, found 1 plugins.
Preloading 0 native plugins for Editor in 0.00 ms.
Invoked RoslynAnalysisRunner static constructor.
RoslynAnalysisRunner will not be running.
RoslynAnalysisRunner has terminated.
Mono: successfully reloaded assembly
- Completed reload, in  0.747 seconds
Platform modules already initialized, skipping
Refreshing native plugins compatible for Editor in 0.33 ms, found 1 plugins.
Preloading 0 native plugins for Editor in 0.00 ms.
Unloading 1904 Unused Serialized files (Serialized files now loaded: 0)
System memory in use before: 86.7 MB.
System memory in use after: 86.7 MB.

Unloading 13 unused Assets to reduce memory usage. Loaded Objects now: 2406.
Total: 2.359730 ms (FindLiveObjects: 0.168000 ms CreateObjectMapping: 0.058837 ms MarkObjects: 2.033793 ms  DeleteObjects: 0.098205 ms)

========================================================================
Received Prepare
Registering precompiled user dll's ...
Registered in 0.000811 seconds.
Begin MonoManager ReloadAssembly
Native extension for LinuxStandalone target not found
Native extension for WindowsStandalone target not found
Native extension for OSXStandalone target not found
Native extension for WebGL target not found
Refreshing native plugins compatible for Editor in 0.32 ms, found 1 plugins.
Preloading 0 native plugins for Editor in 0.00 ms.
Invoked RoslynAnalysisRunner static constructor.
RoslynAnalysisRunner will not be running.
RoslynAnalysisRunner has terminated.
Mono: successfully reloaded assembly
- Completed reload, in  0.752 seconds
Platform modules already initialized, skipping
Refreshing native plugins compatible for Editor in 0.34 ms, found 1 plugins.
Preloading 0 native plugins for Editor in 0.00 ms.
Unloading 1904 Unused Serialized files (Serialized files now loaded: 0)
System memory in use before: 86.1 MB.
System memory in use after: 86.1 MB.

Unloading 12 unused Assets to reduce memory usage. Loaded Objects now: 2409.
Total: 2.411534 ms (FindLiveObjects: 0.172466 ms CreateObjectMapping: 0.054918 ms MarkObjects: 2.083675 ms  DeleteObjects: 0.099591 ms)

AssetImportWorkerClient::OnTransportError - code=2 error=End of file
